0 info it worked if it ends with ok
1 verbose cli [ '/usr/bin/node', '/usr/bin/npm', 'run', 'eject' ]
2 info using npm@3.5.2
3 info using node@v6.11.4
4 verbose run-script [ 'preeject', 'eject', 'posteject' ]
5 info lifecycle Prawr-Client@0.0.1~preeject: Prawr-Client@0.0.1
6 silly lifecycle Prawr-Client@0.0.1~preeject: no script for preeject, continuing
7 info lifecycle Prawr-Client@0.0.1~eject: Prawr-Client@0.0.1
8 verbose lifecycle Prawr-Client@0.0.1~eject: unsafe-perm in lifecycle true
9 verbose lifecycle Prawr-Client@0.0.1~eject: PATH: /usr/share/npm/bin/node-gyp-bin:/media/amon/VideoPlatform/Project/Prawr-Client/node_modules/.bin:/usr/local/sbin:/usr/local/bin:/usr/sbin:/usr/bin:/sbin:/bin:/usr/games:/usr/local/games:/snap/bin:/home/amon/.npm-global/bin
10 verbose lifecycle Prawr-Client@0.0.1~eject: CWD: /media/amon/VideoPlatform/Project/Prawr-Client
11 silly lifecycle Prawr-Client@0.0.1~eject: Args: [ '-c', 'react-scripts eject' ]
12 silly lifecycle Prawr-Client@0.0.1~eject: Returned: code: 1  signal: null
13 info lifecycle Prawr-Client@0.0.1~eject: Failed to exec eject script
14 verbose stack Error: Prawr-Client@0.0.1 eject: `react-scripts eject`
14 verbose stack Exit status 1
14 verbose stack     at EventEmitter.<anonymous> (/usr/share/npm/lib/utils/lifecycle.js:232:16)
14 verbose stack     at emitTwo (events.js:106:13)
14 verbose stack     at EventEmitter.emit (events.js:191:7)
14 verbose stack     at ChildProcess.<anonymous> (/usr/share/npm/lib/utils/spawn.js:24:14)
14 verbose stack     at emitTwo (events.js:106:13)
14 verbose stack     at ChildProcess.emit (events.js:191:7)
14 verbose stack     at maybeClose (internal/child_process.js:920:16)
14 verbose stack     at Process.ChildProcess._handle.onexit (internal/child_process.js:230:5)
15 verbose pkgid Prawr-Client@0.0.1
16 verbose cwd /media/amon/VideoPlatform/Project/Prawr-Client
17 error Linux 4.13.0-21-generic
18 error argv "/usr/bin/node" "/usr/bin/npm" "run" "eject"
19 error node v6.11.4
20 error npm  v3.5.2
21 error code ELIFECYCLE
22 error Prawr-Client@0.0.1 eject: `react-scripts eject`
22 error Exit status 1
23 error Failed at the Prawr-Client@0.0.1 eject script 'react-scripts eject'.
23 error Make sure you have the latest version of node.js and npm installed.
23 error If you do, this is most likely a problem with the Prawr-Client package,
23 error not with npm itself.
23 error Tell the author that this fails on your system:
23 error     react-scripts eject
23 error You can get information on how to open an issue for this project with:
23 error     npm bugs Prawr-Client
23 error Or if that isn't available, you can get their info via:
23 error     npm owner ls Prawr-Client
23 error There is likely additional logging output above.
24 verbose exit [ 1, true ]
